-------------------------------------------------------------------------------
Test set: TestStaging
-------------------------------------------------------------------------------
Tests run: 3, Failures: 0, Errors: 3, Skipped: 0, Time elapsed: 1.082 sec <<< FAILURE! - in TestStaging
testImage(TestStaging)  Time elapsed: 0.983 sec  <<< ERROR!
java.lang.NoSuchMethodError: org.openqa.selenium.Proxy.extractFrom(Lorg/openqa/selenium/Capabilities;)Lorg/openqa/selenium/Proxy;
	at org.openqa.selenium.firefox.FirefoxDriver.dropCapabilities(FirefoxDriver.java:313)
	at org.openqa.selenium.firefox.FirefoxDriver.<init>(FirefoxDriver.java:191)
	at org.openqa.selenium.firefox.FirefoxDriver.<init>(FirefoxDriver.java:186)
	at org.openqa.selenium.firefox.FirefoxDriver.<init>(FirefoxDriver.java:182)
	at org.openqa.selenium.firefox.FirefoxDriver.<init>(FirefoxDriver.java:95)
	at TestStaging.testImage(TestStaging.java:17)

testVideo(TestStaging)  Time elapsed: 0.001 sec  <<< ERROR!
java.lang.NoSuchMethodError: org.openqa.selenium.Proxy.extractFrom(Lorg/openqa/selenium/Capabilities;)Lorg/openqa/selenium/Proxy;
	at org.openqa.selenium.firefox.FirefoxDriver.dropCapabilities(FirefoxDriver.java:313)
	at org.openqa.selenium.firefox.FirefoxDriver.<init>(FirefoxDriver.java:191)
	at org.openqa.selenium.firefox.FirefoxDriver.<init>(FirefoxDriver.java:186)
	at org.openqa.selenium.firefox.FirefoxDriver.<init>(FirefoxDriver.java:182)
	at org.openqa.selenium.firefox.FirefoxDriver.<init>(FirefoxDriver.java:95)
	at TestStaging.testVideo(TestStaging.java:25)

testHTML(TestStaging)  Time elapsed: 0 sec  <<< ERROR!
java.lang.NoSuchMethodError: org.openqa.selenium.Proxy.extractFrom(Lorg/openqa/selenium/Capabilities;)Lorg/openqa/selenium/Proxy;
	at org.openqa.selenium.firefox.FirefoxDriver.dropCapabilities(FirefoxDriver.java:313)
	at org.openqa.selenium.firefox.FirefoxDriver.<init>(FirefoxDriver.java:191)
	at org.openqa.selenium.firefox.FirefoxDriver.<init>(FirefoxDriver.java:186)
	at org.openqa.selenium.firefox.FirefoxDriver.<init>(FirefoxDriver.java:182)
	at org.openqa.selenium.firefox.FirefoxDriver.<init>(FirefoxDriver.java:95)
	at TestStaging.testHTML(TestStaging.java:33)

